<<++	LOG BEGINS ++>>
2012-01-06T00:23:39.9165979
Info: Engaged D_PROJECT
Info: Engaged SYMBOLS
Info: Engaged DEBUGGER
Info: Engaged dcore
Info: Engaged DOC_POP
Info: Engaged DOCMAN
Debug: testing logui
Info: Engaged UI
Info: Acquired logui.LOG_UI element.
Info: Acquired searchui.SEARCH_UI element.
Info: Acquired projectdui.PROJECT_UI element.
Info: Acquired symbolview.SYMBOL_VIEW element.
Info: Acquired indent.BRACE_INDENT element.
Info: Acquired symcompletion.SYMBOL_COMPLETION element.
Info: Acquired scopelist.SCOPE_LIST element.
Info: Acquired calltips.CALL_TIPS element.
Info: Acquired terminalui.TERMINAL_UI element.
Info: Acquired proview.PROJECT_VIEW element.
Info: Acquired dirview.DIR_VIEW element.
Info: Acquired historyview.HISTORY_VIEW element.
Info: Acquired messageui.MESSAGE_UI element.
Info: Acquired debugui.DEBUG_UI element.
Info: Engaging Elements ...
Info: Engaged SYMBOL_VIEW element
Info: Engaged BRACE_INDENT element
Info: Engaged HISTORY_VIEW element
Info: Engaged MESSAGE_UI element
Info: Engaged DEBUG_UI element
Info: Engaged SCOPE_LIST element
Info: Engaged CALL_TIPS element
Info: Engaged PROJECT_UI element
Info: Engaged LogUI element.
Info: Engaged SearchUI element.
Info: Engaged SYMBOL_COMPLETION element
Info: Engaged TERMINAL_UI element
Info: updatelist
Info: updatelist
Info: Engaged PROJECT_VIEW element
Info: Engaged DIRECTORY_VIEW element
Info: Entering GTK Main Loop

Error: Document:  failed to open.
Info: Document: /usr/include/d/gtk/Accessible.d opened.
Info: Exiting GTK Main Loop
Info: Disengaging Elements ...
Info: Disengaged SYMBOL_VIEW element
Info: Disengaged BRACE_INDENT element
Info: Disengaged HISTORY_VIEW element
Info: Disengaged MESSAGE_UI element
Info: Disengaged DEBUG_UI element
Info: Disengaging SCOPE_LIST element
Info: Disengaged CALL_TIPS element
Info: Disengaged PROJECT_UI element
Info: Disengaged LogUI element
Info: Disengaged SearchUI element.
Info: Disengaged TERMINAL_UI element
Info: Disengaged PROJECT_VIEW element
Info: Disengaged DIRECTORY_VIEW element
Info: Disengaged DOC_POP
Info: Documents, Closing All...
Info:     Document /usr/include/d/gtk/Accessible.d closed.
Info: Disengaged DOCMAN
Info: Disengaged UI
Info: Disengaged DEBUGGER
Info: Disengaged SYMBOLS
Debug: 
Info: Disengaged D_PROJECT
Info: Disengaged dcore
Info: Disengaged LOG
2012-01-06T00:23:48.7565186
<<-- LOG ENDS -->>

